<?xml version="1.0" encoding="UTF-8"?>
<!-- Generated by org.testng.reporters.JUnitReportReporter -->
<testsuite hostname="FS-SYS-412" name="business.scenarios.KFPICTScenario" tests="1" failures="0" timestamp="21 Jan 2015 06:17:00 GMT" time="159.078" errors="0">
  <testcase name="KFPICTScenarioMain" time="159.078" classname="business.scenarios.KFPICTScenario"/>
</testsuite> <!-- business.scenarios.KFPICTScenario -->
