<?xml version="1.0" encoding="UTF-8"?>
<!-- Generated by org.testng.reporters.JUnitReportReporter -->
<testsuite hostname="FS-SYS-412" name="business.scenarios.Your_Profile" tests="3" failures="0" timestamp="10 Jun 2014 12:50:32 GMT" time="221.894" errors="0">
  <testcase name="Your_ProfileMain" time="111.345" classname="business.scenarios.Your_Profile"/>
  <testcase name="Your_ProfileMain" time="27.579" classname="business.scenarios.Your_Profile"/>
  <testcase name="Your_ProfileMain" time="82.970" classname="business.scenarios.Your_Profile"/>
</testsuite> <!-- business.scenarios.Your_Profile -->
