<?xml version="1.0" encoding="UTF-8"?>
<!-- Generated by org.testng.reporters.JUnitReportReporter -->
<testsuite hostname="FS-SYS-412" name="business.scenarios.TransportManagementSystem" tests="2" failures="0" timestamp="12 Jun 2014 14:29:07 GMT" time="115.057" errors="0">
  <testcase name="TransportManagementSystemMain" time="57.919" classname="business.scenarios.TransportManagementSystem"/>
  <testcase name="TransportManagementSystemMain" time="57.138" classname="business.scenarios.TransportManagementSystem"/>
</testsuite> <!-- business.scenarios.TransportManagementSystem -->
