<?xml version="1.0" encoding="UTF-8"?>
<!-- Generated by org.testng.reporters.JUnitReportReporter -->
<testsuite hostname="fs-sys-787" name="business.scenarios.TransportManagementSystem" tests="5" failures="0" timestamp="28 May 2014 13:26:11 GMT" time="353.130" errors="0">
  <testcase name="TransportManagementSystemMain" time="165.463" classname="business.scenarios.TransportManagementSystem"/>
  <testcase name="TransportManagementSystemMain" time="73.357" classname="business.scenarios.TransportManagementSystem"/>
  <testcase name="TransportManagementSystemMain" time="55.327" classname="business.scenarios.TransportManagementSystem"/>
  <testcase name="TransportManagementSystemMain" time="30.874" classname="business.scenarios.TransportManagementSystem"/>
  <testcase name="TransportManagementSystemMain" time="28.109" classname="business.scenarios.TransportManagementSystem"/>
</testsuite> <!-- business.scenarios.TransportManagementSystem -->
