<?xml version="1.0" encoding="UTF-8"?>
<!-- Generated by org.testng.reporters.JUnitReportReporter -->
<testsuite hostname="fs-sys-787" name="business.scenarios.Your_Profile" tests="2" failures="0" timestamp="28 May 2014 13:26:11 GMT" time="75.810" errors="0">
  <testcase name="Your_ProfileMain" time="45.155" classname="business.scenarios.Your_Profile"/>
  <testcase name="Your_ProfileMain" time="30.655" classname="business.scenarios.Your_Profile"/>
</testsuite> <!-- business.scenarios.Your_Profile -->
